[github.com/flipped-aurora/gin-vue-admin/server]2022/02/23 - 14:31:23.479	[35mdebug[0m	/Users/yangpanda/maimengscience/pthw/server/utils/directory.go:44	create directoryautocode_template/server/minappSet/api
[github.com/flipped-aurora/gin-vue-admin/server]2022/02/23 - 14:31:23.481	[35mdebug[0m	/Users/yangpanda/maimengscience/pthw/server/utils/directory.go:44	create directoryautocode_template/server/minappSet/model
[github.com/flipped-aurora/gin-vue-admin/server]2022/02/23 - 14:31:23.481	[35mdebug[0m	/Users/yangpanda/maimengscience/pthw/server/utils/directory.go:44	create directoryautocode_template/server/minappSet/request
[github.com/flipped-aurora/gin-vue-admin/server]2022/02/23 - 14:31:23.481	[35mdebug[0m	/Users/yangpanda/maimengscience/pthw/server/utils/directory.go:44	create directoryautocode_template/server/minappSet/router
[github.com/flipped-aurora/gin-vue-admin/server]2022/02/23 - 14:31:23.481	[35mdebug[0m	/Users/yangpanda/maimengscience/pthw/server/utils/directory.go:44	create directoryautocode_template/server/minappSet/service
[github.com/flipped-aurora/gin-vue-admin/server]2022/02/23 - 14:31:23.482	[35mdebug[0m	/Users/yangpanda/maimengscience/pthw/server/utils/directory.go:44	create directoryautocode_template/web/minappSet/api
[github.com/flipped-aurora/gin-vue-admin/server]2022/02/23 - 14:31:23.485	[35mdebug[0m	/Users/yangpanda/maimengscience/pthw/server/utils/directory.go:44	create directoryautocode_template/web/minappSet/form
[github.com/flipped-aurora/gin-vue-admin/server]2022/02/23 - 14:31:23.485	[35mdebug[0m	/Users/yangpanda/maimengscience/pthw/server/utils/directory.go:44	create directoryautocode_template/web/minappSet/table
[github.com/flipped-aurora/gin-vue-admin/server]2022/02/23 - 14:48:57.681	[35mdebug[0m	/Users/yangpanda/maimengscience/pthw/server/utils/directory.go:44	create directoryautocode_template/server/minappUser/api
[github.com/flipped-aurora/gin-vue-admin/server]2022/02/23 - 14:48:57.683	[35mdebug[0m	/Users/yangpanda/maimengscience/pthw/server/utils/directory.go:44	create directoryautocode_template/server/minappUser/model
[github.com/flipped-aurora/gin-vue-admin/server]2022/02/23 - 14:48:57.684	[35mdebug[0m	/Users/yangpanda/maimengscience/pthw/server/utils/directory.go:44	create directoryautocode_template/server/minappUser/request
[github.com/flipped-aurora/gin-vue-admin/server]2022/02/23 - 14:48:57.684	[35mdebug[0m	/Users/yangpanda/maimengscience/pthw/server/utils/directory.go:44	create directoryautocode_template/server/minappUser/router
[github.com/flipped-aurora/gin-vue-admin/server]2022/02/23 - 14:48:57.684	[35mdebug[0m	/Users/yangpanda/maimengscience/pthw/server/utils/directory.go:44	create directoryautocode_template/server/minappUser/service
[github.com/flipped-aurora/gin-vue-admin/server]2022/02/23 - 14:48:57.684	[35mdebug[0m	/Users/yangpanda/maimengscience/pthw/server/utils/directory.go:44	create directoryautocode_template/web/minappUser/api
[github.com/flipped-aurora/gin-vue-admin/server]2022/02/23 - 14:48:57.685	[35mdebug[0m	/Users/yangpanda/maimengscience/pthw/server/utils/directory.go:44	create directoryautocode_template/web/minappUser/form
[github.com/flipped-aurora/gin-vue-admin/server]2022/02/23 - 14:48:57.685	[35mdebug[0m	/Users/yangpanda/maimengscience/pthw/server/utils/directory.go:44	create directoryautocode_template/web/minappUser/table
[github.com/flipped-aurora/gin-vue-admin/server]2022/02/24 - 19:17:14.810	[35mdebug[0m	/Users/yangpanda/maimengscience/pthw/server/utils/directory.go:44	create directoryautocode_template/server/agreement/api
[github.com/flipped-aurora/gin-vue-admin/server]2022/02/24 - 19:17:14.812	[35mdebug[0m	/Users/yangpanda/maimengscience/pthw/server/utils/directory.go:44	create directoryautocode_template/server/agreement/model
[github.com/flipped-aurora/gin-vue-admin/server]2022/02/24 - 19:17:14.812	[35mdebug[0m	/Users/yangpanda/maimengscience/pthw/server/utils/directory.go:44	create directoryautocode_template/server/agreement/request
[github.com/flipped-aurora/gin-vue-admin/server]2022/02/24 - 19:17:14.812	[35mdebug[0m	/Users/yangpanda/maimengscience/pthw/server/utils/directory.go:44	create directoryautocode_template/server/agreement/router
[github.com/flipped-aurora/gin-vue-admin/server]2022/02/24 - 19:17:14.812	[35mdebug[0m	/Users/yangpanda/maimengscience/pthw/server/utils/directory.go:44	create directoryautocode_template/server/agreement/service
[github.com/flipped-aurora/gin-vue-admin/server]2022/02/24 - 19:17:14.813	[35mdebug[0m	/Users/yangpanda/maimengscience/pthw/server/utils/directory.go:44	create directoryautocode_template/web/agreement/api
[github.com/flipped-aurora/gin-vue-admin/server]2022/02/24 - 19:17:14.813	[35mdebug[0m	/Users/yangpanda/maimengscience/pthw/server/utils/directory.go:44	create directoryautocode_template/web/agreement/form
[github.com/flipped-aurora/gin-vue-admin/server]2022/02/24 - 19:17:14.813	[35mdebug[0m	/Users/yangpanda/maimengscience/pthw/server/utils/directory.go:44	create directoryautocode_template/web/agreement/table
[github.com/flipped-aurora/gin-vue-admin/server]2022/02/28 - 15:59:50.425	[35mdebug[0m	/Users/yangpanda/maimengscience/pthw/server/utils/directory.go:44	create directoryautocode_template/server/helpMe/api
[github.com/flipped-aurora/gin-vue-admin/server]2022/02/28 - 15:59:50.427	[35mdebug[0m	/Users/yangpanda/maimengscience/pthw/server/utils/directory.go:44	create directoryautocode_template/server/helpMe/model
[github.com/flipped-aurora/gin-vue-admin/server]2022/02/28 - 15:59:50.427	[35mdebug[0m	/Users/yangpanda/maimengscience/pthw/server/utils/directory.go:44	create directoryautocode_template/server/helpMe/request
[github.com/flipped-aurora/gin-vue-admin/server]2022/02/28 - 15:59:50.427	[35mdebug[0m	/Users/yangpanda/maimengscience/pthw/server/utils/directory.go:44	create directoryautocode_template/server/helpMe/router
[github.com/flipped-aurora/gin-vue-admin/server]2022/02/28 - 15:59:50.428	[35mdebug[0m	/Users/yangpanda/maimengscience/pthw/server/utils/directory.go:44	create directoryautocode_template/server/helpMe/service
[github.com/flipped-aurora/gin-vue-admin/server]2022/02/28 - 15:59:50.428	[35mdebug[0m	/Users/yangpanda/maimengscience/pthw/server/utils/directory.go:44	create directoryautocode_template/web/helpMe/api
[github.com/flipped-aurora/gin-vue-admin/server]2022/02/28 - 15:59:50.431	[35mdebug[0m	/Users/yangpanda/maimengscience/pthw/server/utils/directory.go:44	create directoryautocode_template/web/helpMe/form
[github.com/flipped-aurora/gin-vue-admin/server]2022/02/28 - 15:59:50.431	[35mdebug[0m	/Users/yangpanda/maimengscience/pthw/server/utils/directory.go:44	create directoryautocode_template/web/helpMe/table
[github.com/flipped-aurora/gin-vue-admin/server]2022/03/01 - 15:10:48.751	[35mdebug[0m	/Users/yangpanda/maimengscience/pthw/server/utils/directory.go:44	create directoryautocode_template/server/banner/api
[github.com/flipped-aurora/gin-vue-admin/server]2022/03/01 - 15:10:48.755	[35mdebug[0m	/Users/yangpanda/maimengscience/pthw/server/utils/directory.go:44	create directoryautocode_template/server/banner/model
[github.com/flipped-aurora/gin-vue-admin/server]2022/03/01 - 15:10:48.755	[35mdebug[0m	/Users/yangpanda/maimengscience/pthw/server/utils/directory.go:44	create directoryautocode_template/server/banner/request
[github.com/flipped-aurora/gin-vue-admin/server]2022/03/01 - 15:10:48.755	[35mdebug[0m	/Users/yangpanda/maimengscience/pthw/server/utils/directory.go:44	create directoryautocode_template/server/banner/router
[github.com/flipped-aurora/gin-vue-admin/server]2022/03/01 - 15:10:48.755	[35mdebug[0m	/Users/yangpanda/maimengscience/pthw/server/utils/directory.go:44	create directoryautocode_template/server/banner/service
[github.com/flipped-aurora/gin-vue-admin/server]2022/03/01 - 15:10:48.755	[35mdebug[0m	/Users/yangpanda/maimengscience/pthw/server/utils/directory.go:44	create directoryautocode_template/web/banner/api
[github.com/flipped-aurora/gin-vue-admin/server]2022/03/01 - 15:10:48.757	[35mdebug[0m	/Users/yangpanda/maimengscience/pthw/server/utils/directory.go:44	create directoryautocode_template/web/banner/form
[github.com/flipped-aurora/gin-vue-admin/server]2022/03/01 - 15:10:48.757	[35mdebug[0m	/Users/yangpanda/maimengscience/pthw/server/utils/directory.go:44	create directoryautocode_template/web/banner/table
[github.com/flipped-aurora/gin-vue-admin/server]2022/03/07 - 17:54:10.418	[35mdebug[0m	/Users/yangpanda/maimengscience/pthw/server/utils/directory.go:44	create directoryautocode_template/server/area/api
[github.com/flipped-aurora/gin-vue-admin/server]2022/03/07 - 17:54:10.425	[35mdebug[0m	/Users/yangpanda/maimengscience/pthw/server/utils/directory.go:44	create directoryautocode_template/server/area/model
[github.com/flipped-aurora/gin-vue-admin/server]2022/03/07 - 17:54:10.425	[35mdebug[0m	/Users/yangpanda/maimengscience/pthw/server/utils/directory.go:44	create directoryautocode_template/server/area/request
[github.com/flipped-aurora/gin-vue-admin/server]2022/03/07 - 17:54:10.427	[35mdebug[0m	/Users/yangpanda/maimengscience/pthw/server/utils/directory.go:44	create directoryautocode_template/server/area/router
[github.com/flipped-aurora/gin-vue-admin/server]2022/03/07 - 17:54:10.427	[35mdebug[0m	/Users/yangpanda/maimengscience/pthw/server/utils/directory.go:44	create directoryautocode_template/server/area/service
[github.com/flipped-aurora/gin-vue-admin/server]2022/03/07 - 17:54:10.427	[35mdebug[0m	/Users/yangpanda/maimengscience/pthw/server/utils/directory.go:44	create directoryautocode_template/web/area/api
[github.com/flipped-aurora/gin-vue-admin/server]2022/03/07 - 17:54:10.428	[35mdebug[0m	/Users/yangpanda/maimengscience/pthw/server/utils/directory.go:44	create directoryautocode_template/web/area/form
[github.com/flipped-aurora/gin-vue-admin/server]2022/03/07 - 17:54:10.428	[35mdebug[0m	/Users/yangpanda/maimengscience/pthw/server/utils/directory.go:44	create directoryautocode_template/web/area/table
[github.com/flipped-aurora/gin-vue-admin/server]2022/03/08 - 16:12:38.568	[35mdebug[0m	/Users/yangpanda/maimengscience/pthw/server/utils/directory.go:44	create directoryautocode_template/server/coupon/api
[github.com/flipped-aurora/gin-vue-admin/server]2022/03/08 - 16:12:38.570	[35mdebug[0m	/Users/yangpanda/maimengscience/pthw/server/utils/directory.go:44	create directoryautocode_template/server/coupon/model
[github.com/flipped-aurora/gin-vue-admin/server]2022/03/08 - 16:12:38.570	[35mdebug[0m	/Users/yangpanda/maimengscience/pthw/server/utils/directory.go:44	create directoryautocode_template/server/coupon/request
[github.com/flipped-aurora/gin-vue-admin/server]2022/03/08 - 16:12:38.570	[35mdebug[0m	/Users/yangpanda/maimengscience/pthw/server/utils/directory.go:44	create directoryautocode_template/server/coupon/router
[github.com/flipped-aurora/gin-vue-admin/server]2022/03/08 - 16:12:38.571	[35mdebug[0m	/Users/yangpanda/maimengscience/pthw/server/utils/directory.go:44	create directoryautocode_template/server/coupon/service
[github.com/flipped-aurora/gin-vue-admin/server]2022/03/08 - 16:12:38.571	[35mdebug[0m	/Users/yangpanda/maimengscience/pthw/server/utils/directory.go:44	create directoryautocode_template/web/coupon/api
[github.com/flipped-aurora/gin-vue-admin/server]2022/03/08 - 16:12:38.583	[35mdebug[0m	/Users/yangpanda/maimengscience/pthw/server/utils/directory.go:44	create directoryautocode_template/web/coupon/form
[github.com/flipped-aurora/gin-vue-admin/server]2022/03/08 - 16:12:38.583	[35mdebug[0m	/Users/yangpanda/maimengscience/pthw/server/utils/directory.go:44	create directoryautocode_template/web/coupon/table
[github.com/flipped-aurora/gin-vue-admin/server]2022/03/09 - 11:20:37.604	[35mdebug[0m	/Users/yangpanda/maimengscience/pthw/server/utils/directory.go:44	create directoryautocode_template/server/releaseRecord/api
[github.com/flipped-aurora/gin-vue-admin/server]2022/03/09 - 11:20:37.606	[35mdebug[0m	/Users/yangpanda/maimengscience/pthw/server/utils/directory.go:44	create directoryautocode_template/server/releaseRecord/model
[github.com/flipped-aurora/gin-vue-admin/server]2022/03/09 - 11:20:37.606	[35mdebug[0m	/Users/yangpanda/maimengscience/pthw/server/utils/directory.go:44	create directoryautocode_template/server/releaseRecord/request
[github.com/flipped-aurora/gin-vue-admin/server]2022/03/09 - 11:20:37.607	[35mdebug[0m	/Users/yangpanda/maimengscience/pthw/server/utils/directory.go:44	create directoryautocode_template/server/releaseRecord/router
[github.com/flipped-aurora/gin-vue-admin/server]2022/03/09 - 11:20:37.607	[35mdebug[0m	/Users/yangpanda/maimengscience/pthw/server/utils/directory.go:44	create directoryautocode_template/server/releaseRecord/service
[github.com/flipped-aurora/gin-vue-admin/server]2022/03/09 - 11:20:37.608	[35mdebug[0m	/Users/yangpanda/maimengscience/pthw/server/utils/directory.go:44	create directoryautocode_template/web/releaseRecord/api
[github.com/flipped-aurora/gin-vue-admin/server]2022/03/09 - 11:20:37.609	[35mdebug[0m	/Users/yangpanda/maimengscience/pthw/server/utils/directory.go:44	create directoryautocode_template/web/releaseRecord/form
[github.com/flipped-aurora/gin-vue-admin/server]2022/03/09 - 11:20:37.610	[35mdebug[0m	/Users/yangpanda/maimengscience/pthw/server/utils/directory.go:44	create directoryautocode_template/web/releaseRecord/table
[github.com/flipped-aurora/gin-vue-admin/server]2022/03/11 - 10:15:22.836	[35mdebug[0m	/Users/yangpanda/maimengscience/pthw/server/utils/directory.go:44	create directoryautocode_template/server/complaintLabel/api
[github.com/flipped-aurora/gin-vue-admin/server]2022/03/11 - 10:15:22.838	[35mdebug[0m	/Users/yangpanda/maimengscience/pthw/server/utils/directory.go:44	create directoryautocode_template/server/complaintLabel/model
[github.com/flipped-aurora/gin-vue-admin/server]2022/03/11 - 10:15:22.839	[35mdebug[0m	/Users/yangpanda/maimengscience/pthw/server/utils/directory.go:44	create directoryautocode_template/server/complaintLabel/request
[github.com/flipped-aurora/gin-vue-admin/server]2022/03/11 - 10:15:22.840	[35mdebug[0m	/Users/yangpanda/maimengscience/pthw/server/utils/directory.go:44	create directoryautocode_template/server/complaintLabel/router
[github.com/flipped-aurora/gin-vue-admin/server]2022/03/11 - 10:15:22.841	[35mdebug[0m	/Users/yangpanda/maimengscience/pthw/server/utils/directory.go:44	create directoryautocode_template/server/complaintLabel/service
[github.com/flipped-aurora/gin-vue-admin/server]2022/03/11 - 10:15:22.842	[35mdebug[0m	/Users/yangpanda/maimengscience/pthw/server/utils/directory.go:44	create directoryautocode_template/web/complaintLabel/api
[github.com/flipped-aurora/gin-vue-admin/server]2022/03/11 - 10:15:22.843	[35mdebug[0m	/Users/yangpanda/maimengscience/pthw/server/utils/directory.go:44	create directoryautocode_template/web/complaintLabel/form
[github.com/flipped-aurora/gin-vue-admin/server]2022/03/11 - 10:15:22.844	[35mdebug[0m	/Users/yangpanda/maimengscience/pthw/server/utils/directory.go:44	create directoryautocode_template/web/complaintLabel/table
[github.com/flipped-aurora/gin-vue-admin/server]2022/03/11 - 12:03:43.029	[35mdebug[0m	/Users/yangpanda/maimengscience/pthw/server/utils/directory.go:44	create directoryautocode_template/server/complaint/api
[github.com/flipped-aurora/gin-vue-admin/server]2022/03/11 - 12:03:43.032	[35mdebug[0m	/Users/yangpanda/maimengscience/pthw/server/utils/directory.go:44	create directoryautocode_template/server/complaint/model
[github.com/flipped-aurora/gin-vue-admin/server]2022/03/11 - 12:03:43.032	[35mdebug[0m	/Users/yangpanda/maimengscience/pthw/server/utils/directory.go:44	create directoryautocode_template/server/complaint/request
[github.com/flipped-aurora/gin-vue-admin/server]2022/03/11 - 12:03:43.032	[35mdebug[0m	/Users/yangpanda/maimengscience/pthw/server/utils/directory.go:44	create directoryautocode_template/server/complaint/router
[github.com/flipped-aurora/gin-vue-admin/server]2022/03/11 - 12:03:43.032	[35mdebug[0m	/Users/yangpanda/maimengscience/pthw/server/utils/directory.go:44	create directoryautocode_template/server/complaint/service
[github.com/flipped-aurora/gin-vue-admin/server]2022/03/11 - 12:03:43.032	[35mdebug[0m	/Users/yangpanda/maimengscience/pthw/server/utils/directory.go:44	create directoryautocode_template/web/complaint/api
[github.com/flipped-aurora/gin-vue-admin/server]2022/03/11 - 12:03:43.033	[35mdebug[0m	/Users/yangpanda/maimengscience/pthw/server/utils/directory.go:44	create directoryautocode_template/web/complaint/form
[github.com/flipped-aurora/gin-vue-admin/server]2022/03/11 - 12:03:43.033	[35mdebug[0m	/Users/yangpanda/maimengscience/pthw/server/utils/directory.go:44	create directoryautocode_template/web/complaint/table
[github.com/flipped-aurora/gin-vue-admin/server]2022/03/11 - 15:21:34.946	[35mdebug[0m	/Users/yangpanda/maimengscience/pthw/server/utils/directory.go:44	create directoryautocode_template/server/helpRepair/api
[github.com/flipped-aurora/gin-vue-admin/server]2022/03/11 - 15:21:34.949	[35mdebug[0m	/Users/yangpanda/maimengscience/pthw/server/utils/directory.go:44	create directoryautocode_template/server/helpRepair/model
[github.com/flipped-aurora/gin-vue-admin/server]2022/03/11 - 15:21:34.949	[35mdebug[0m	/Users/yangpanda/maimengscience/pthw/server/utils/directory.go:44	create directoryautocode_template/server/helpRepair/request
[github.com/flipped-aurora/gin-vue-admin/server]2022/03/11 - 15:21:34.950	[35mdebug[0m	/Users/yangpanda/maimengscience/pthw/server/utils/directory.go:44	create directoryautocode_template/server/helpRepair/router
[github.com/flipped-aurora/gin-vue-admin/server]2022/03/11 - 15:21:34.950	[35mdebug[0m	/Users/yangpanda/maimengscience/pthw/server/utils/directory.go:44	create directoryautocode_template/server/helpRepair/service
[github.com/flipped-aurora/gin-vue-admin/server]2022/03/11 - 15:21:34.950	[35mdebug[0m	/Users/yangpanda/maimengscience/pthw/server/utils/directory.go:44	create directoryautocode_template/web/helpRepair/api
[github.com/flipped-aurora/gin-vue-admin/server]2022/03/11 - 15:21:34.953	[35mdebug[0m	/Users/yangpanda/maimengscience/pthw/server/utils/directory.go:44	create directoryautocode_template/web/helpRepair/form
[github.com/flipped-aurora/gin-vue-admin/server]2022/03/11 - 15:21:34.953	[35mdebug[0m	/Users/yangpanda/maimengscience/pthw/server/utils/directory.go:44	create directoryautocode_template/web/helpRepair/table
[github.com/flipped-aurora/gin-vue-admin/server]2022/03/16 - 17:34:27.158	[35mdebug[0m	/Users/yangpanda/maimengscience/pthw/server/utils/directory.go:44	create directoryautocode_template/server/helpWork/api
[github.com/flipped-aurora/gin-vue-admin/server]2022/03/16 - 17:34:27.161	[35mdebug[0m	/Users/yangpanda/maimengscience/pthw/server/utils/directory.go:44	create directoryautocode_template/server/helpWork/model
[github.com/flipped-aurora/gin-vue-admin/server]2022/03/16 - 17:34:27.162	[35mdebug[0m	/Users/yangpanda/maimengscience/pthw/server/utils/directory.go:44	create directoryautocode_template/server/helpWork/request
[github.com/flipped-aurora/gin-vue-admin/server]2022/03/16 - 17:34:27.162	[35mdebug[0m	/Users/yangpanda/maimengscience/pthw/server/utils/directory.go:44	create directoryautocode_template/server/helpWork/router
[github.com/flipped-aurora/gin-vue-admin/server]2022/03/16 - 17:34:27.162	[35mdebug[0m	/Users/yangpanda/maimengscience/pthw/server/utils/directory.go:44	create directoryautocode_template/server/helpWork/service
[github.com/flipped-aurora/gin-vue-admin/server]2022/03/16 - 17:34:27.163	[35mdebug[0m	/Users/yangpanda/maimengscience/pthw/server/utils/directory.go:44	create directoryautocode_template/web/helpWork/api
[github.com/flipped-aurora/gin-vue-admin/server]2022/03/16 - 17:34:27.164	[35mdebug[0m	/Users/yangpanda/maimengscience/pthw/server/utils/directory.go:44	create directoryautocode_template/web/helpWork/form
[github.com/flipped-aurora/gin-vue-admin/server]2022/03/16 - 17:34:27.164	[35mdebug[0m	/Users/yangpanda/maimengscience/pthw/server/utils/directory.go:44	create directoryautocode_template/web/helpWork/table
[github.com/flipped-aurora/gin-vue-admin/server]2022/03/17 - 10:49:02.875	[35mdebug[0m	/Users/yangpanda/maimengscience/pthw/server/utils/directory.go:44	create directoryautocode_template/server/helpFetch/api
[github.com/flipped-aurora/gin-vue-admin/server]2022/03/17 - 10:49:02.876	[35mdebug[0m	/Users/yangpanda/maimengscience/pthw/server/utils/directory.go:44	create directoryautocode_template/server/helpFetch/model
[github.com/flipped-aurora/gin-vue-admin/server]2022/03/17 - 10:49:02.876	[35mdebug[0m	/Users/yangpanda/maimengscience/pthw/server/utils/directory.go:44	create directoryautocode_template/server/helpFetch/request
[github.com/flipped-aurora/gin-vue-admin/server]2022/03/17 - 10:49:02.876	[35mdebug[0m	/Users/yangpanda/maimengscience/pthw/server/utils/directory.go:44	create directoryautocode_template/server/helpFetch/router
[github.com/flipped-aurora/gin-vue-admin/server]2022/03/17 - 10:49:02.877	[35mdebug[0m	/Users/yangpanda/maimengscience/pthw/server/utils/directory.go:44	create directoryautocode_template/server/helpFetch/service
[github.com/flipped-aurora/gin-vue-admin/server]2022/03/17 - 10:49:02.877	[35mdebug[0m	/Users/yangpanda/maimengscience/pthw/server/utils/directory.go:44	create directoryautocode_template/web/helpFetch/api
[github.com/flipped-aurora/gin-vue-admin/server]2022/03/17 - 10:49:02.878	[35mdebug[0m	/Users/yangpanda/maimengscience/pthw/server/utils/directory.go:44	create directoryautocode_template/web/helpFetch/form
[github.com/flipped-aurora/gin-vue-admin/server]2022/03/17 - 10:49:02.878	[35mdebug[0m	/Users/yangpanda/maimengscience/pthw/server/utils/directory.go:44	create directoryautocode_template/web/helpFetch/table
[github.com/flipped-aurora/gin-vue-admin/server]2022/03/17 - 14:11:57.803	[35mdebug[0m	/Users/yangpanda/maimengscience/pthw/server/utils/directory.go:44	create directoryautocode_template/server/helpBuy/api
[github.com/flipped-aurora/gin-vue-admin/server]2022/03/17 - 14:11:57.808	[35mdebug[0m	/Users/yangpanda/maimengscience/pthw/server/utils/directory.go:44	create directoryautocode_template/server/helpBuy/model
[github.com/flipped-aurora/gin-vue-admin/server]2022/03/17 - 14:11:57.808	[35mdebug[0m	/Users/yangpanda/maimengscience/pthw/server/utils/directory.go:44	create directoryautocode_template/server/helpBuy/request
[github.com/flipped-aurora/gin-vue-admin/server]2022/03/17 - 14:11:57.808	[35mdebug[0m	/Users/yangpanda/maimengscience/pthw/server/utils/directory.go:44	create directoryautocode_template/server/helpBuy/router
[github.com/flipped-aurora/gin-vue-admin/server]2022/03/17 - 14:11:57.808	[35mdebug[0m	/Users/yangpanda/maimengscience/pthw/server/utils/directory.go:44	create directoryautocode_template/server/helpBuy/service
[github.com/flipped-aurora/gin-vue-admin/server]2022/03/17 - 14:11:57.808	[35mdebug[0m	/Users/yangpanda/maimengscience/pthw/server/utils/directory.go:44	create directoryautocode_template/web/helpBuy/api
[github.com/flipped-aurora/gin-vue-admin/server]2022/03/17 - 14:11:57.811	[35mdebug[0m	/Users/yangpanda/maimengscience/pthw/server/utils/directory.go:44	create directoryautocode_template/web/helpBuy/form
[github.com/flipped-aurora/gin-vue-admin/server]2022/03/17 - 14:11:57.811	[35mdebug[0m	/Users/yangpanda/maimengscience/pthw/server/utils/directory.go:44	create directoryautocode_template/web/helpBuy/table
[github.com/flipped-aurora/gin-vue-admin/server]2022/03/18 - 12:03:20.713	[35mdebug[0m	/Users/yangpanda/maimengscience/pthw/server/utils/directory.go:44	create directoryautocode_template/server/helpIncidentally/api
[github.com/flipped-aurora/gin-vue-admin/server]2022/03/18 - 12:03:20.715	[35mdebug[0m	/Users/yangpanda/maimengscience/pthw/server/utils/directory.go:44	create directoryautocode_template/server/helpIncidentally/model
[github.com/flipped-aurora/gin-vue-admin/server]2022/03/18 - 12:03:20.715	[35mdebug[0m	/Users/yangpanda/maimengscience/pthw/server/utils/directory.go:44	create directoryautocode_template/server/helpIncidentally/request
[github.com/flipped-aurora/gin-vue-admin/server]2022/03/18 - 12:03:20.715	[35mdebug[0m	/Users/yangpanda/maimengscience/pthw/server/utils/directory.go:44	create directoryautocode_template/server/helpIncidentally/router
[github.com/flipped-aurora/gin-vue-admin/server]2022/03/18 - 12:03:20.715	[35mdebug[0m	/Users/yangpanda/maimengscience/pthw/server/utils/directory.go:44	create directoryautocode_template/server/helpIncidentally/service
[github.com/flipped-aurora/gin-vue-admin/server]2022/03/18 - 12:03:20.715	[35mdebug[0m	/Users/yangpanda/maimengscience/pthw/server/utils/directory.go:44	create directoryautocode_template/web/helpIncidentally/api
[github.com/flipped-aurora/gin-vue-admin/server]2022/03/18 - 12:03:20.716	[35mdebug[0m	/Users/yangpanda/maimengscience/pthw/server/utils/directory.go:44	create directoryautocode_template/web/helpIncidentally/form
[github.com/flipped-aurora/gin-vue-admin/server]2022/03/18 - 12:03:20.716	[35mdebug[0m	/Users/yangpanda/maimengscience/pthw/server/utils/directory.go:44	create directoryautocode_template/web/helpIncidentally/table
[github.com/flipped-aurora/gin-vue-admin/server]2022/03/18 - 17:28:49.610	[35mdebug[0m	/Users/yangpanda/maimengscience/pthw/server/utils/directory.go:44	create directoryautocode_template/server/helpCarpool/api
[github.com/flipped-aurora/gin-vue-admin/server]2022/03/18 - 17:28:49.612	[35mdebug[0m	/Users/yangpanda/maimengscience/pthw/server/utils/directory.go:44	create directoryautocode_template/server/helpCarpool/model
[github.com/flipped-aurora/gin-vue-admin/server]2022/03/18 - 17:28:49.612	[35mdebug[0m	/Users/yangpanda/maimengscience/pthw/server/utils/directory.go:44	create directoryautocode_template/server/helpCarpool/request
[github.com/flipped-aurora/gin-vue-admin/server]2022/03/18 - 17:28:49.613	[35mdebug[0m	/Users/yangpanda/maimengscience/pthw/server/utils/directory.go:44	create directoryautocode_template/server/helpCarpool/router
[github.com/flipped-aurora/gin-vue-admin/server]2022/03/18 - 17:28:49.613	[35mdebug[0m	/Users/yangpanda/maimengscience/pthw/server/utils/directory.go:44	create directoryautocode_template/server/helpCarpool/service
[github.com/flipped-aurora/gin-vue-admin/server]2022/03/18 - 17:28:49.613	[35mdebug[0m	/Users/yangpanda/maimengscience/pthw/server/utils/directory.go:44	create directoryautocode_template/web/helpCarpool/api
[github.com/flipped-aurora/gin-vue-admin/server]2022/03/18 - 17:28:49.618	[35mdebug[0m	/Users/yangpanda/maimengscience/pthw/server/utils/directory.go:44	create directoryautocode_template/web/helpCarpool/form
[github.com/flipped-aurora/gin-vue-admin/server]2022/03/18 - 17:28:49.619	[35mdebug[0m	/Users/yangpanda/maimengscience/pthw/server/utils/directory.go:44	create directoryautocode_template/web/helpCarpool/table
[github.com/flipped-aurora/gin-vue-admin/server]2022/03/21 - 16:11:04.672	[35mdebug[0m	/Users/yangpanda/maimengscience/pthw/server/utils/directory.go:44	create directoryautocode_template/server/helpGroupon/api
[github.com/flipped-aurora/gin-vue-admin/server]2022/03/21 - 16:11:04.673	[35mdebug[0m	/Users/yangpanda/maimengscience/pthw/server/utils/directory.go:44	create directoryautocode_template/server/helpGroupon/model
[github.com/flipped-aurora/gin-vue-admin/server]2022/03/21 - 16:11:04.673	[35mdebug[0m	/Users/yangpanda/maimengscience/pthw/server/utils/directory.go:44	create directoryautocode_template/server/helpGroupon/request
[github.com/flipped-aurora/gin-vue-admin/server]2022/03/21 - 16:11:04.673	[35mdebug[0m	/Users/yangpanda/maimengscience/pthw/server/utils/directory.go:44	create directoryautocode_template/server/helpGroupon/router
[github.com/flipped-aurora/gin-vue-admin/server]2022/03/21 - 16:11:04.674	[35mdebug[0m	/Users/yangpanda/maimengscience/pthw/server/utils/directory.go:44	create directoryautocode_template/server/helpGroupon/service
[github.com/flipped-aurora/gin-vue-admin/server]2022/03/21 - 16:11:04.674	[35mdebug[0m	/Users/yangpanda/maimengscience/pthw/server/utils/directory.go:44	create directoryautocode_template/web/helpGroupon/api
[github.com/flipped-aurora/gin-vue-admin/server]2022/03/21 - 16:11:04.674	[35mdebug[0m	/Users/yangpanda/maimengscience/pthw/server/utils/directory.go:44	create directoryautocode_template/web/helpGroupon/form
[github.com/flipped-aurora/gin-vue-admin/server]2022/03/21 - 16:11:04.675	[35mdebug[0m	/Users/yangpanda/maimengscience/pthw/server/utils/directory.go:44	create directoryautocode_template/web/helpGroupon/table
[github.com/flipped-aurora/gin-vue-admin/server]2022/03/21 - 16:55:50.696	[35mdebug[0m	/Users/yangpanda/maimengscience/pthw/server/utils/directory.go:44	create directoryautocode_template/server/helpSecond/api
[github.com/flipped-aurora/gin-vue-admin/server]2022/03/21 - 16:55:50.698	[35mdebug[0m	/Users/yangpanda/maimengscience/pthw/server/utils/directory.go:44	create directoryautocode_template/server/helpSecond/model
[github.com/flipped-aurora/gin-vue-admin/server]2022/03/21 - 16:55:50.699	[35mdebug[0m	/Users/yangpanda/maimengscience/pthw/server/utils/directory.go:44	create directoryautocode_template/server/helpSecond/request
[github.com/flipped-aurora/gin-vue-admin/server]2022/03/21 - 16:55:50.699	[35mdebug[0m	/Users/yangpanda/maimengscience/pthw/server/utils/directory.go:44	create directoryautocode_template/server/helpSecond/router
[github.com/flipped-aurora/gin-vue-admin/server]2022/03/21 - 16:55:50.699	[35mdebug[0m	/Users/yangpanda/maimengscience/pthw/server/utils/directory.go:44	create directoryautocode_template/server/helpSecond/service
[github.com/flipped-aurora/gin-vue-admin/server]2022/03/21 - 16:55:50.699	[35mdebug[0m	/Users/yangpanda/maimengscience/pthw/server/utils/directory.go:44	create directoryautocode_template/web/helpSecond/api
[github.com/flipped-aurora/gin-vue-admin/server]2022/03/21 - 16:55:50.700	[35mdebug[0m	/Users/yangpanda/maimengscience/pthw/server/utils/directory.go:44	create directoryautocode_template/web/helpSecond/form
[github.com/flipped-aurora/gin-vue-admin/server]2022/03/21 - 16:55:50.700	[35mdebug[0m	/Users/yangpanda/maimengscience/pthw/server/utils/directory.go:44	create directoryautocode_template/web/helpSecond/table
[github.com/flipped-aurora/gin-vue-admin/server]2022/03/21 - 18:45:41.562	[35mdebug[0m	/Users/yangpanda/maimengscience/pthw/server/utils/directory.go:44	create directoryautocode_template/server/category/api
[github.com/flipped-aurora/gin-vue-admin/server]2022/03/21 - 18:45:41.565	[35mdebug[0m	/Users/yangpanda/maimengscience/pthw/server/utils/directory.go:44	create directoryautocode_template/server/category/model
[github.com/flipped-aurora/gin-vue-admin/server]2022/03/21 - 18:45:41.565	[35mdebug[0m	/Users/yangpanda/maimengscience/pthw/server/utils/directory.go:44	create directoryautocode_template/server/category/request
[github.com/flipped-aurora/gin-vue-admin/server]2022/03/21 - 18:45:41.565	[35mdebug[0m	/Users/yangpanda/maimengscience/pthw/server/utils/directory.go:44	create directoryautocode_template/server/category/router
[github.com/flipped-aurora/gin-vue-admin/server]2022/03/21 - 18:45:41.566	[35mdebug[0m	/Users/yangpanda/maimengscience/pthw/server/utils/directory.go:44	create directoryautocode_template/server/category/service
[github.com/flipped-aurora/gin-vue-admin/server]2022/03/21 - 18:45:41.566	[35mdebug[0m	/Users/yangpanda/maimengscience/pthw/server/utils/directory.go:44	create directoryautocode_template/web/category/api
[github.com/flipped-aurora/gin-vue-admin/server]2022/03/21 - 18:45:41.566	[35mdebug[0m	/Users/yangpanda/maimengscience/pthw/server/utils/directory.go:44	create directoryautocode_template/web/category/form
[github.com/flipped-aurora/gin-vue-admin/server]2022/03/21 - 18:45:41.566	[35mdebug[0m	/Users/yangpanda/maimengscience/pthw/server/utils/directory.go:44	create directoryautocode_template/web/category/table
[github.com/flipped-aurora/gin-vue-admin/server]2022/03/22 - 19:09:04.394	[35mdebug[0m	/Users/yangpanda/maimengscience/pthw/server/utils/directory.go:44	create directoryautocode_template/server/checkDriver/api
[github.com/flipped-aurora/gin-vue-admin/server]2022/03/22 - 19:09:04.397	[35mdebug[0m	/Users/yangpanda/maimengscience/pthw/server/utils/directory.go:44	create directoryautocode_template/server/checkDriver/model
[github.com/flipped-aurora/gin-vue-admin/server]2022/03/22 - 19:09:04.397	[35mdebug[0m	/Users/yangpanda/maimengscience/pthw/server/utils/directory.go:44	create directoryautocode_template/server/checkDriver/request
[github.com/flipped-aurora/gin-vue-admin/server]2022/03/22 - 19:09:04.397	[35mdebug[0m	/Users/yangpanda/maimengscience/pthw/server/utils/directory.go:44	create directoryautocode_template/server/checkDriver/router
[github.com/flipped-aurora/gin-vue-admin/server]2022/03/22 - 19:09:04.398	[35mdebug[0m	/Users/yangpanda/maimengscience/pthw/server/utils/directory.go:44	create directoryautocode_template/server/checkDriver/service
[github.com/flipped-aurora/gin-vue-admin/server]2022/03/22 - 19:09:04.398	[35mdebug[0m	/Users/yangpanda/maimengscience/pthw/server/utils/directory.go:44	create directoryautocode_template/web/checkDriver/api
[github.com/flipped-aurora/gin-vue-admin/server]2022/03/22 - 19:09:04.398	[35mdebug[0m	/Users/yangpanda/maimengscience/pthw/server/utils/directory.go:44	create directoryautocode_template/web/checkDriver/form
[github.com/flipped-aurora/gin-vue-admin/server]2022/03/22 - 19:09:04.399	[35mdebug[0m	/Users/yangpanda/maimengscience/pthw/server/utils/directory.go:44	create directoryautocode_template/web/checkDriver/table
[github.com/flipped-aurora/gin-vue-admin/server]2022/03/22 - 19:18:46.572	[35mdebug[0m	/Users/yangpanda/maimengscience/pthw/server/utils/directory.go:44	create directoryautocode_template/server/checkMerchant/api
[github.com/flipped-aurora/gin-vue-admin/server]2022/03/22 - 19:18:46.574	[35mdebug[0m	/Users/yangpanda/maimengscience/pthw/server/utils/directory.go:44	create directoryautocode_template/server/checkMerchant/model
[github.com/flipped-aurora/gin-vue-admin/server]2022/03/22 - 19:18:46.574	[35mdebug[0m	/Users/yangpanda/maimengscience/pthw/server/utils/directory.go:44	create directoryautocode_template/server/checkMerchant/request
[github.com/flipped-aurora/gin-vue-admin/server]2022/03/22 - 19:18:46.574	[35mdebug[0m	/Users/yangpanda/maimengscience/pthw/server/utils/directory.go:44	create directoryautocode_template/server/checkMerchant/router
[github.com/flipped-aurora/gin-vue-admin/server]2022/03/22 - 19:18:46.574	[35mdebug[0m	/Users/yangpanda/maimengscience/pthw/server/utils/directory.go:44	create directoryautocode_template/server/checkMerchant/service
[github.com/flipped-aurora/gin-vue-admin/server]2022/03/22 - 19:18:46.574	[35mdebug[0m	/Users/yangpanda/maimengscience/pthw/server/utils/directory.go:44	create directoryautocode_template/web/checkMerchant/api
[github.com/flipped-aurora/gin-vue-admin/server]2022/03/22 - 19:18:46.575	[35mdebug[0m	/Users/yangpanda/maimengscience/pthw/server/utils/directory.go:44	create directoryautocode_template/web/checkMerchant/form
[github.com/flipped-aurora/gin-vue-admin/server]2022/03/22 - 19:18:46.575	[35mdebug[0m	/Users/yangpanda/maimengscience/pthw/server/utils/directory.go:44	create directoryautocode_template/web/checkMerchant/table
[github.com/flipped-aurora/gin-vue-admin/server]2022/03/25 - 14:16:59.851	[35mdebug[0m	/Users/yangpanda/maimengscience/pthw/server/utils/directory.go:44	create directoryautocode_template/server/creditRating/api
[github.com/flipped-aurora/gin-vue-admin/server]2022/03/25 - 14:16:59.853	[35mdebug[0m	/Users/yangpanda/maimengscience/pthw/server/utils/directory.go:44	create directoryautocode_template/server/creditRating/model
[github.com/flipped-aurora/gin-vue-admin/server]2022/03/25 - 14:16:59.853	[35mdebug[0m	/Users/yangpanda/maimengscience/pthw/server/utils/directory.go:44	create directoryautocode_template/server/creditRating/request
[github.com/flipped-aurora/gin-vue-admin/server]2022/03/25 - 14:16:59.853	[35mdebug[0m	/Users/yangpanda/maimengscience/pthw/server/utils/directory.go:44	create directoryautocode_template/server/creditRating/router
[github.com/flipped-aurora/gin-vue-admin/server]2022/03/25 - 14:16:59.853	[35mdebug[0m	/Users/yangpanda/maimengscience/pthw/server/utils/directory.go:44	create directoryautocode_template/server/creditRating/service
[github.com/flipped-aurora/gin-vue-admin/server]2022/03/25 - 14:16:59.854	[35mdebug[0m	/Users/yangpanda/maimengscience/pthw/server/utils/directory.go:44	create directoryautocode_template/web/creditRating/api
[github.com/flipped-aurora/gin-vue-admin/server]2022/03/25 - 14:16:59.857	[35mdebug[0m	/Users/yangpanda/maimengscience/pthw/server/utils/directory.go:44	create directoryautocode_template/web/creditRating/form
[github.com/flipped-aurora/gin-vue-admin/server]2022/03/25 - 14:16:59.857	[35mdebug[0m	/Users/yangpanda/maimengscience/pthw/server/utils/directory.go:44	create directoryautocode_template/web/creditRating/table
[github.com/flipped-aurora/gin-vue-admin/server]2022/03/25 - 19:43:06.266	[35mdebug[0m	/Users/yangpanda/maimengscience/pthw/server/utils/directory.go:44	create directoryautocode_template/server/payCoupon/api
[github.com/flipped-aurora/gin-vue-admin/server]2022/03/25 - 19:43:06.485	[35mdebug[0m	/Users/yangpanda/maimengscience/pthw/server/utils/directory.go:44	create directoryautocode_template/server/payCoupon/model
[github.com/flipped-aurora/gin-vue-admin/server]2022/03/25 - 19:43:06.485	[35mdebug[0m	/Users/yangpanda/maimengscience/pthw/server/utils/directory.go:44	create directoryautocode_template/server/payCoupon/request
[github.com/flipped-aurora/gin-vue-admin/server]2022/03/25 - 19:43:06.486	[35mdebug[0m	/Users/yangpanda/maimengscience/pthw/server/utils/directory.go:44	create directoryautocode_template/server/payCoupon/router
[github.com/flipped-aurora/gin-vue-admin/server]2022/03/25 - 19:43:06.486	[35mdebug[0m	/Users/yangpanda/maimengscience/pthw/server/utils/directory.go:44	create directoryautocode_template/server/payCoupon/service
[github.com/flipped-aurora/gin-vue-admin/server]2022/03/25 - 19:43:06.598	[35mdebug[0m	/Users/yangpanda/maimengscience/pthw/server/utils/directory.go:44	create directoryautocode_template/web/payCoupon/api
[github.com/flipped-aurora/gin-vue-admin/server]2022/03/25 - 19:43:06.599	[35mdebug[0m	/Users/yangpanda/maimengscience/pthw/server/utils/directory.go:44	create directoryautocode_template/web/payCoupon/form
[github.com/flipped-aurora/gin-vue-admin/server]2022/03/25 - 19:43:06.600	[35mdebug[0m	/Users/yangpanda/maimengscience/pthw/server/utils/directory.go:44	create directoryautocode_template/web/payCoupon/table
[github.com/flipped-aurora/gin-vue-admin/server]2022/03/29 - 16:06:26.192	[35mdebug[0m	/Users/yangpanda/maimengscience/pthw/server/utils/directory.go:44	create directoryautocode_template/server/withdraw/api
[github.com/flipped-aurora/gin-vue-admin/server]2022/03/29 - 16:06:26.194	[35mdebug[0m	/Users/yangpanda/maimengscience/pthw/server/utils/directory.go:44	create directoryautocode_template/server/withdraw/model
[github.com/flipped-aurora/gin-vue-admin/server]2022/03/29 - 16:06:26.195	[35mdebug[0m	/Users/yangpanda/maimengscience/pthw/server/utils/directory.go:44	create directoryautocode_template/server/withdraw/request
[github.com/flipped-aurora/gin-vue-admin/server]2022/03/29 - 16:06:26.195	[35mdebug[0m	/Users/yangpanda/maimengscience/pthw/server/utils/directory.go:44	create directoryautocode_template/server/withdraw/router
[github.com/flipped-aurora/gin-vue-admin/server]2022/03/29 - 16:06:26.195	[35mdebug[0m	/Users/yangpanda/maimengscience/pthw/server/utils/directory.go:44	create directoryautocode_template/server/withdraw/service
[github.com/flipped-aurora/gin-vue-admin/server]2022/03/29 - 16:06:26.195	[35mdebug[0m	/Users/yangpanda/maimengscience/pthw/server/utils/directory.go:44	create directoryautocode_template/web/withdraw/api
[github.com/flipped-aurora/gin-vue-admin/server]2022/03/29 - 16:06:26.196	[35mdebug[0m	/Users/yangpanda/maimengscience/pthw/server/utils/directory.go:44	create directoryautocode_template/web/withdraw/form
[github.com/flipped-aurora/gin-vue-admin/server]2022/03/29 - 16:06:26.196	[35mdebug[0m	/Users/yangpanda/maimengscience/pthw/server/utils/directory.go:44	create directoryautocode_template/web/withdraw/table
[github.com/flipped-aurora/gin-vue-admin/server]2022/04/07 - 11:51:07.164	[35mdebug[0m	/Users/yangpanda/maimengscience/pthw/server/utils/directory.go:44	create directoryautocode_template/server/commission/api
[github.com/flipped-aurora/gin-vue-admin/server]2022/04/07 - 11:51:07.168	[35mdebug[0m	/Users/yangpanda/maimengscience/pthw/server/utils/directory.go:44	create directoryautocode_template/server/commission/model
[github.com/flipped-aurora/gin-vue-admin/server]2022/04/07 - 11:51:07.168	[35mdebug[0m	/Users/yangpanda/maimengscience/pthw/server/utils/directory.go:44	create directoryautocode_template/server/commission/request
[github.com/flipped-aurora/gin-vue-admin/server]2022/04/07 - 11:51:07.170	[35mdebug[0m	/Users/yangpanda/maimengscience/pthw/server/utils/directory.go:44	create directoryautocode_template/server/commission/router
[github.com/flipped-aurora/gin-vue-admin/server]2022/04/07 - 11:51:07.172	[35mdebug[0m	/Users/yangpanda/maimengscience/pthw/server/utils/directory.go:44	create directoryautocode_template/server/commission/service
[github.com/flipped-aurora/gin-vue-admin/server]2022/04/07 - 11:51:07.175	[35mdebug[0m	/Users/yangpanda/maimengscience/pthw/server/utils/directory.go:44	create directoryautocode_template/web/commission/api
[github.com/flipped-aurora/gin-vue-admin/server]2022/04/07 - 11:51:07.186	[35mdebug[0m	/Users/yangpanda/maimengscience/pthw/server/utils/directory.go:44	create directoryautocode_template/web/commission/form
[github.com/flipped-aurora/gin-vue-admin/server]2022/04/07 - 11:51:07.188	[35mdebug[0m	/Users/yangpanda/maimengscience/pthw/server/utils/directory.go:44	create directoryautocode_template/web/commission/table
[github.com/flipped-aurora/gin-vue-admin/server]2022/04/07 - 15:10:29.613	[35mdebug[0m	/Users/yangpanda/maimengscience/pthw/server/utils/directory.go:44	create directoryautocode_template/server/systemMessage/api
[github.com/flipped-aurora/gin-vue-admin/server]2022/04/07 - 15:10:29.619	[35mdebug[0m	/Users/yangpanda/maimengscience/pthw/server/utils/directory.go:44	create directoryautocode_template/server/systemMessage/model
[github.com/flipped-aurora/gin-vue-admin/server]2022/04/07 - 15:10:29.623	[35mdebug[0m	/Users/yangpanda/maimengscience/pthw/server/utils/directory.go:44	create directoryautocode_template/server/systemMessage/request
[github.com/flipped-aurora/gin-vue-admin/server]2022/04/07 - 15:10:29.623	[35mdebug[0m	/Users/yangpanda/maimengscience/pthw/server/utils/directory.go:44	create directoryautocode_template/server/systemMessage/router
[github.com/flipped-aurora/gin-vue-admin/server]2022/04/07 - 15:10:29.623	[35mdebug[0m	/Users/yangpanda/maimengscience/pthw/server/utils/directory.go:44	create directoryautocode_template/server/systemMessage/service
[github.com/flipped-aurora/gin-vue-admin/server]2022/04/07 - 15:10:29.623	[35mdebug[0m	/Users/yangpanda/maimengscience/pthw/server/utils/directory.go:44	create directoryautocode_template/web/systemMessage/api
[github.com/flipped-aurora/gin-vue-admin/server]2022/04/07 - 15:10:29.624	[35mdebug[0m	/Users/yangpanda/maimengscience/pthw/server/utils/directory.go:44	create directoryautocode_template/web/systemMessage/form
[github.com/flipped-aurora/gin-vue-admin/server]2022/04/07 - 15:10:29.625	[35mdebug[0m	/Users/yangpanda/maimengscience/pthw/server/utils/directory.go:44	create directoryautocode_template/web/systemMessage/table
[github.com/flipped-aurora/gin-vue-admin/server]2022/04/14 - 16:44:53.828	[35mdebug[0m	/Users/yangpanda/maimengscience/pthw/server/utils/directory.go:44	create directoryautocode_template/server/checkIdentity/api
[github.com/flipped-aurora/gin-vue-admin/server]2022/04/14 - 16:44:53.830	[35mdebug[0m	/Users/yangpanda/maimengscience/pthw/server/utils/directory.go:44	create directoryautocode_template/server/checkIdentity/model
[github.com/flipped-aurora/gin-vue-admin/server]2022/04/14 - 16:44:53.831	[35mdebug[0m	/Users/yangpanda/maimengscience/pthw/server/utils/directory.go:44	create directoryautocode_template/server/checkIdentity/request
[github.com/flipped-aurora/gin-vue-admin/server]2022/04/14 - 16:44:53.831	[35mdebug[0m	/Users/yangpanda/maimengscience/pthw/server/utils/directory.go:44	create directoryautocode_template/server/checkIdentity/router
[github.com/flipped-aurora/gin-vue-admin/server]2022/04/14 - 16:44:53.831	[35mdebug[0m	/Users/yangpanda/maimengscience/pthw/server/utils/directory.go:44	create directoryautocode_template/server/checkIdentity/service
[github.com/flipped-aurora/gin-vue-admin/server]2022/04/14 - 16:44:53.831	[35mdebug[0m	/Users/yangpanda/maimengscience/pthw/server/utils/directory.go:44	create directoryautocode_template/web/checkIdentity/api
[github.com/flipped-aurora/gin-vue-admin/server]2022/04/14 - 16:44:53.831	[35mdebug[0m	/Users/yangpanda/maimengscience/pthw/server/utils/directory.go:44	create directoryautocode_template/web/checkIdentity/form
[github.com/flipped-aurora/gin-vue-admin/server]2022/04/14 - 16:44:53.832	[35mdebug[0m	/Users/yangpanda/maimengscience/pthw/server/utils/directory.go:44	create directoryautocode_template/web/checkIdentity/table
[github.com/flipped-aurora/gin-vue-admin/server]2022/04/18 - 14:33:44.205	[35mdebug[0m	/Users/yangpanda/maimengscience/pthw/server/service/system/sys_base_menu.go:67	存在相同name修改失败
[github.com/flipped-aurora/gin-vue-admin/server]2022/04/18 - 14:34:09.417	[35mdebug[0m	/Users/yangpanda/maimengscience/pthw/server/service/system/sys_base_menu.go:67	存在相同name修改失败
[github.com/flipped-aurora/gin-vue-admin/server]2022/04/18 - 14:38:22.498	[35mdebug[0m	/Users/yangpanda/maimengscience/pthw/server/service/system/sys_base_menu.go:67	存在相同name修改失败
[github.com/flipped-aurora/gin-vue-admin/server]2022/12/15 - 11:07:37.137	[35mdebug[0m	/Users/yangpanda/Desktop/麦盟科技/国内跑腿/huhuanlinju.vvv5g.com/server/utils/directory.go:44	create directoryautocode_template/server/moneyRecord/api
[github.com/flipped-aurora/gin-vue-admin/server]2022/12/15 - 11:07:37.146	[35mdebug[0m	/Users/yangpanda/Desktop/麦盟科技/国内跑腿/huhuanlinju.vvv5g.com/server/utils/directory.go:44	create directoryautocode_template/server/moneyRecord/model
[github.com/flipped-aurora/gin-vue-admin/server]2022/12/15 - 11:07:37.146	[35mdebug[0m	/Users/yangpanda/Desktop/麦盟科技/国内跑腿/huhuanlinju.vvv5g.com/server/utils/directory.go:44	create directoryautocode_template/server/moneyRecord/request
[github.com/flipped-aurora/gin-vue-admin/server]2022/12/15 - 11:07:37.146	[35mdebug[0m	/Users/yangpanda/Desktop/麦盟科技/国内跑腿/huhuanlinju.vvv5g.com/server/utils/directory.go:44	create directoryautocode_template/server/moneyRecord/router
[github.com/flipped-aurora/gin-vue-admin/server]2022/12/15 - 11:07:37.146	[35mdebug[0m	/Users/yangpanda/Desktop/麦盟科技/国内跑腿/huhuanlinju.vvv5g.com/server/utils/directory.go:44	create directoryautocode_template/server/moneyRecord/service
[github.com/flipped-aurora/gin-vue-admin/server]2022/12/15 - 11:07:37.147	[35mdebug[0m	/Users/yangpanda/Desktop/麦盟科技/国内跑腿/huhuanlinju.vvv5g.com/server/utils/directory.go:44	create directoryautocode_template/web/moneyRecord/api
[github.com/flipped-aurora/gin-vue-admin/server]2022/12/15 - 11:07:37.165	[35mdebug[0m	/Users/yangpanda/Desktop/麦盟科技/国内跑腿/huhuanlinju.vvv5g.com/server/utils/directory.go:44	create directoryautocode_template/web/moneyRecord/form
[github.com/flipped-aurora/gin-vue-admin/server]2022/12/15 - 11:07:37.165	[35mdebug[0m	/Users/yangpanda/Desktop/麦盟科技/国内跑腿/huhuanlinju.vvv5g.com/server/utils/directory.go:44	create directoryautocode_template/web/moneyRecord/table
